Added Component: Designator=1-5uH(homecooked inductor)
Added Component: Designator=C1(Cap Ø8)
Add component (AddParameter): Name = "Value"; Value = "47uF"; VariantName = "[No Variations]"
Added Component: Designator=C2(Cap Ø8)
Add component (AddParameter): Name = "Value"; Value = "47u"; VariantName = "[No Variations]"
Added Component: Designator=C3(Cap-1)
Add component (AddParameter): Name = "Value"; Value = "100p"; VariantName = "[No Variations]"
Added Component: Designator=C4(Cap Lyt Ø8)
Add component (AddParameter): Name = "Value"; Value = "220u"; VariantName = "[No Variations]"
Added Component: Designator=C5(Cap Ø8)
Add component (AddParameter): Name = "Value"; Value = "1u"; VariantName = "[No Variations]"
Added Component: Designator=C6(Cap Ø8)
Add component (AddParameter): Name = "Value"; Value = "10u"; VariantName = "[No Variations]"
Added Component: Designator=C7(Cap Ø8)
Add component (AddParameter): Name = "Value"; Value = "100n"; VariantName = "[No Variations]"
Added Component: Designator=C8(Cap-1)
Add component (AddParameter): Name = "Value"; Value = "100n"; VariantName = "[No Variations]"
Added Component: Designator=C9(Cap Lyt Ø8)
Add component (AddParameter): Name = "Value"; Value = "220u"; VariantName = "[No Variations]"
Added Component: Designator=C10(Cap-1)
Add component (AddParameter): Name = "Value"; Value = "100n"; VariantName = "[No Variations]"
Added Component: Designator=C11(Cap Lyt Ø8)
Add component (AddParameter): Name = "Value"; Value = "220u"; VariantName = "[No Variations]"
Added Component: Designator=D1(SMB)
Add component (AddParameter): Name = "Model"; Value = "1N4148"; VariantName = "[No Variations]"
Added Component: Designator=D2(SMB)
Add component (AddParameter): Name = "Model"; Value = "1N4148"; VariantName = "[No Variations]"
Added Component: Designator=D3(SMB)
Add component (AddParameter): Name = "Model"; Value = "1N4148"; VariantName = "[No Variations]"
Added Component: Designator=Q1(FP-135AR-MFG)
Add component (AddParameter): Name = "Case/Package"; Value = "TO-92"; VariantName = "[No Variations]"
Add component (AddParameter): Name = "Collector Base Voltage (VCBO)"; Value = "-50V"; VariantName = "[No Variations]"
Add component (AddParameter): Name = "Collector Emitter Breakdown Voltage"; Value = "45V"; VariantName = "[No Variations]"
Add component (AddParameter): Name = "Collector Emitter Saturation Voltage"; Value = "-250mV"; VariantName = "[No Variations]"
Add component (AddParameter): Name = "Collector Emitter Voltage (VCEO)"; Value = "45V"; VariantName = "[No Variations]"
Add component (AddParameter): Name = "Contact Plating"; Value = "Tin"; VariantName = "[No Variations]"
Add component (AddParameter): Name = "Current Rating"; Value = "-100mA"; VariantName = "[No Variations]"
Add component (AddParameter): Name = "Element Configuration"; Value = "Single"; VariantName = "[No Variations]"
Add component (AddParameter): Name = "Emitter Base Voltage (VEBO)"; Value = "-5V"; VariantName = "[No Variations]"
Add component (AddParameter): Name = "Frequency"; Value = "150MHz"; VariantName = "[No Variations]"
Add component (AddParameter): Name = "Gain Bandwidth Product"; Value = "150MHz"; VariantName = "[No Variations]"
Add component (AddParameter): Name = "Height"; Value = "5.33mm"; VariantName = "[No Variations]"
Add component (AddParameter): Name = "hFE Min"; Value = "110"; VariantName = "[No Variations]"
Add component (AddParameter): Name = "Lead Free"; Value = "Lead Free"; VariantName = "[No Variations]"
Add component (AddParameter): Name = "Length"; Value = "5.2mm"; VariantName = "[No Variations]"
Add component (AddParameter): Name = "Lifecycle Status"; Value = "Production"; VariantName = "[No Variations]"
Add component (AddParameter): Name = "Manufacturer Lifecycle Status"; Value = "ACTIVE"; VariantName = "[No Variations]"
Add component (AddParameter): Name = "Max Breakdown Voltage"; Value = "45V"; VariantName = "[No Variations]"
Add component (AddParameter): Name = "Max Collector Current"; Value = "100mA"; VariantName = "[No Variations]"
Add component (AddParameter): Name = "Max Frequency"; Value = "10MHz"; VariantName = "[No Variations]"
Add component (AddParameter): Name = "Max Operating Temperature"; Value = "150°C"; VariantName = "[No Variations]"
Add component (AddParameter): Name = "Max Power Dissipation"; Value = "500mW"; VariantName = "[No Variations]"
Add component (AddParameter): Name = "Min Operating Temperature"; Value = "-65°C"; VariantName = "[No Variations]"
Add component (AddParameter): Name = "Mount"; Value = "Through Hole"; VariantName = "[No Variations]"
Add component (AddParameter): Name = "NexarPartId"; Value = "84408945"; VariantName = "[No Variations]"
Add component (AddParameter): Name = "Number of Elements"; Value = "1"; VariantName = "[No Variations]"
Add component (AddParameter): Name = "Number of Pins"; Value = "3"; VariantName = "[No Variations]"
Add component (AddParameter): Name = "Polarity"; Value = "PNP"; VariantName = "[No Variations]"
Add component (AddParameter): Name = "Power Dissipation"; Value = "500mW"; VariantName = "[No Variations]"
Add component (AddParameter): Name = "REACH SVHC"; Value = "No SVHC"; VariantName = "[No Variations]"
Add component (AddParameter): Name = "RoHS"; Value = "Compliant"; VariantName = "[No Variations]"
Add component (AddParameter): Name = "Schedule B"; Value = "8541210080, 8541210080"; VariantName = "[No Variations]"
Add component (AddParameter): Name = "Transition Frequency"; Value = "150MHz"; VariantName = "[No Variations]"
Add component (AddParameter): Name = "Voltage Rating (DC)"; Value = "-45V"; VariantName = "[No Variations]"
Add component (AddParameter): Name = "Weight"; Value = "240mg"; VariantName = "[No Variations]"
Add component (AddParameter): Name = "Width"; Value = "4.19mm"; VariantName = "[No Variations]"
Added Component: Designator=Q2(FP-135AR-MFG)
Add component (AddParameter): Name = "Case/Package"; Value = "TO-92"; VariantName = "[No Variations]"
Add component (AddParameter): Name = "Collector Base Voltage (VCBO)"; Value = "-50V"; VariantName = "[No Variations]"
Add component (AddParameter): Name = "Collector Emitter Breakdown Voltage"; Value = "45V"; VariantName = "[No Variations]"
Add component (AddParameter): Name = "Collector Emitter Saturation Voltage"; Value = "-250mV"; VariantName = "[No Variations]"
Add component (AddParameter): Name = "Collector Emitter Voltage (VCEO)"; Value = "45V"; VariantName = "[No Variations]"
Add component (AddParameter): Name = "Contact Plating"; Value = "Tin"; VariantName = "[No Variations]"
Add component (AddParameter): Name = "Current Rating"; Value = "-100mA"; VariantName = "[No Variations]"
Add component (AddParameter): Name = "Element Configuration"; Value = "Single"; VariantName = "[No Variations]"
Add component (AddParameter): Name = "Emitter Base Voltage (VEBO)"; Value = "-5V"; VariantName = "[No Variations]"
Add component (AddParameter): Name = "Frequency"; Value = "150MHz"; VariantName = "[No Variations]"
Add component (AddParameter): Name = "Gain Bandwidth Product"; Value = "150MHz"; VariantName = "[No Variations]"
Add component (AddParameter): Name = "Height"; Value = "5.33mm"; VariantName = "[No Variations]"
Add component (AddParameter): Name = "hFE Min"; Value = "110"; VariantName = "[No Variations]"
Add component (AddParameter): Name = "Lead Free"; Value = "Lead Free"; VariantName = "[No Variations]"
Add component (AddParameter): Name = "Length"; Value = "5.2mm"; VariantName = "[No Variations]"
Add component (AddParameter): Name = "Lifecycle Status"; Value = "Production"; VariantName = "[No Variations]"
Add component (AddParameter): Name = "Manufacturer Lifecycle Status"; Value = "ACTIVE"; VariantName = "[No Variations]"
Add component (AddParameter): Name = "Max Breakdown Voltage"; Value = "45V"; VariantName = "[No Variations]"
Add component (AddParameter): Name = "Max Collector Current"; Value = "100mA"; VariantName = "[No Variations]"
Add component (AddParameter): Name = "Max Frequency"; Value = "10MHz"; VariantName = "[No Variations]"
Add component (AddParameter): Name = "Max Operating Temperature"; Value = "150°C"; VariantName = "[No Variations]"
Add component (AddParameter): Name = "Max Power Dissipation"; Value = "500mW"; VariantName = "[No Variations]"
Add component (AddParameter): Name = "Min Operating Temperature"; Value = "-65°C"; VariantName = "[No Variations]"
Add component (AddParameter): Name = "Mount"; Value = "Through Hole"; VariantName = "[No Variations]"
Add component (AddParameter): Name = "NexarPartId"; Value = "84408945"; VariantName = "[No Variations]"
Add component (AddParameter): Name = "Number of Elements"; Value = "1"; VariantName = "[No Variations]"
Add component (AddParameter): Name = "Number of Pins"; Value = "3"; VariantName = "[No Variations]"
Add component (AddParameter): Name = "Polarity"; Value = "PNP"; VariantName = "[No Variations]"
Add component (AddParameter): Name = "Power Dissipation"; Value = "500mW"; VariantName = "[No Variations]"
Add component (AddParameter): Name = "REACH SVHC"; Value = "No SVHC"; VariantName = "[No Variations]"
Add component (AddParameter): Name = "RoHS"; Value = "Compliant"; VariantName = "[No Variations]"
Add component (AddParameter): Name = "Schedule B"; Value = "8541210080, 8541210080"; VariantName = "[No Variations]"
Add component (AddParameter): Name = "Transition Frequency"; Value = "150MHz"; VariantName = "[No Variations]"
Add component (AddParameter): Name = "Voltage Rating (DC)"; Value = "-45V"; VariantName = "[No Variations]"
Add component (AddParameter): Name = "Weight"; Value = "240mg"; VariantName = "[No Variations]"
Add component (AddParameter): Name = "Width"; Value = "4.19mm"; VariantName = "[No Variations]"
Added Component: Designator=Q3(ONSC-TO-92-3-29-11)
Add component (AddParameter): Name = "ComponentLink1Description"; Value = "Manufacturer URL"; VariantName = "[No Variations]"
Add component (AddParameter): Name = "ComponentLink1URL"; Value = "http://www.onsemi.com/"; VariantName = "[No Variations]"
Add component (AddParameter): Name = "ComponentLink2Description"; Value = "Datasheet"; VariantName = "[No Variations]"
Add component (AddParameter): Name = "ComponentLink2URL"; Value = "http://www.onsemi.com/pub_link/Collateral/BC546-D.PDF"; VariantName = "[No Variations]"
Add component (AddParameter): Name = "ComponentLink3Description"; Value = "Package Specification"; VariantName = "[No Variations]"
Add component (AddParameter): Name = "ComponentLink3URL"; Value = "http://www.onsemi.cn/pub_link/Collateral/2N6426-D.PDF"; VariantName = "[No Variations]"
Add component (AddParameter): Name = "DatasheetVersion"; Value = "Rev. 7"; VariantName = "[No Variations]"
Add component (AddParameter): Name = "fT Min (MHz)"; Value = "150"; VariantName = "[No Variations]"
Add component (AddParameter): Name = "IC Continuous (A)"; Value = "0.1"; VariantName = "[No Variations]"
Add component (AddParameter): Name = "Manufacturer"; Value = "On Semiconductor"; VariantName = "[No Variations]"
Add component (AddParameter): Name = "Mounting Technology"; Value = "Through Hole"; VariantName = "[No Variations]"
Add component (AddParameter): Name = "PackageDescription"; Value = "3-Pin Transistor Outline, Body 4.825 x 3.685 mm, Pitch 1.27 mm"; VariantName = "[No Variations]"
Add component (AddParameter): Name = "PackageReference"; Value = "TO-92-3-29-11_AM_SL"; VariantName = "[No Variations]"
Add component (AddParameter): Name = "PackageVersion"; Value = "Rev. AM"; VariantName = "[No Variations]"
Add component (AddParameter): Name = "Packing"; Value = "Bulk Box"; VariantName = "[No Variations]"
Add component (AddParameter): Name = "PartNumber"; Value = "BC547B"; VariantName = "[No Variations]"
Add component (AddParameter): Name = "Polarity"; Value = "NPN"; VariantName = "[No Variations]"
Add component (AddParameter): Name = "RoHS"; Value = "FALSE"; VariantName = "[No Variations]"
Added Component: Designator=Q4(FP-135AR-MFG)
Add component (AddParameter): Name = "Case/Package"; Value = "TO-92"; VariantName = "[No Variations]"
Add component (AddParameter): Name = "Collector Base Voltage (VCBO)"; Value = "-50V"; VariantName = "[No Variations]"
Add component (AddParameter): Name = "Collector Emitter Breakdown Voltage"; Value = "45V"; VariantName = "[No Variations]"
Add component (AddParameter): Name = "Collector Emitter Saturation Voltage"; Value = "-250mV"; VariantName = "[No Variations]"
Add component (AddParameter): Name = "Collector Emitter Voltage (VCEO)"; Value = "45V"; VariantName = "[No Variations]"
Add component (AddParameter): Name = "Contact Plating"; Value = "Tin"; VariantName = "[No Variations]"
Add component (AddParameter): Name = "Current Rating"; Value = "-100mA"; VariantName = "[No Variations]"
Add component (AddParameter): Name = "Element Configuration"; Value = "Single"; VariantName = "[No Variations]"
Add component (AddParameter): Name = "Emitter Base Voltage (VEBO)"; Value = "-5V"; VariantName = "[No Variations]"
Add component (AddParameter): Name = "Frequency"; Value = "150MHz"; VariantName = "[No Variations]"
Add component (AddParameter): Name = "Gain Bandwidth Product"; Value = "150MHz"; VariantName = "[No Variations]"
Add component (AddParameter): Name = "Height"; Value = "5.33mm"; VariantName = "[No Variations]"
Add component (AddParameter): Name = "hFE Min"; Value = "110"; VariantName = "[No Variations]"
Add component (AddParameter): Name = "Lead Free"; Value = "Lead Free"; VariantName = "[No Variations]"
Add component (AddParameter): Name = "Length"; Value = "5.2mm"; VariantName = "[No Variations]"
Add component (AddParameter): Name = "Lifecycle Status"; Value = "Production"; VariantName = "[No Variations]"
Add component (AddParameter): Name = "Manufacturer Lifecycle Status"; Value = "ACTIVE"; VariantName = "[No Variations]"
Add component (AddParameter): Name = "Max Breakdown Voltage"; Value = "45V"; VariantName = "[No Variations]"
Add component (AddParameter): Name = "Max Collector Current"; Value = "100mA"; VariantName = "[No Variations]"
Add component (AddParameter): Name = "Max Frequency"; Value = "10MHz"; VariantName = "[No Variations]"
Add component (AddParameter): Name = "Max Operating Temperature"; Value = "150°C"; VariantName = "[No Variations]"
Add component (AddParameter): Name = "Max Power Dissipation"; Value = "500mW"; VariantName = "[No Variations]"
Add component (AddParameter): Name = "Min Operating Temperature"; Value = "-65°C"; VariantName = "[No Variations]"
Add component (AddParameter): Name = "Mount"; Value = "Through Hole"; VariantName = "[No Variations]"
Add component (AddParameter): Name = "NexarPartId"; Value = "84408945"; VariantName = "[No Variations]"
Add component (AddParameter): Name = "Number of Elements"; Value = "1"; VariantName = "[No Variations]"
Add component (AddParameter): Name = "Number of Pins"; Value = "3"; VariantName = "[No Variations]"
Add component (AddParameter): Name = "Polarity"; Value = "PNP"; VariantName = "[No Variations]"
Add component (AddParameter): Name = "Power Dissipation"; Value = "500mW"; VariantName = "[No Variations]"
Add component (AddParameter): Name = "REACH SVHC"; Value = "No SVHC"; VariantName = "[No Variations]"
Add component (AddParameter): Name = "RoHS"; Value = "Compliant"; VariantName = "[No Variations]"
Add component (AddParameter): Name = "Schedule B"; Value = "8541210080, 8541210080"; VariantName = "[No Variations]"
Add component (AddParameter): Name = "Transition Frequency"; Value = "150MHz"; VariantName = "[No Variations]"
Add component (AddParameter): Name = "Voltage Rating (DC)"; Value = "-45V"; VariantName = "[No Variations]"
Add component (AddParameter): Name = "Weight"; Value = "240mg"; VariantName = "[No Variations]"
Add component (AddParameter): Name = "Width"; Value = "4.19mm"; VariantName = "[No Variations]"
Added Component: Designator=Q5(FP-135AR-MFG)
Add component (AddParameter): Name = "Case/Package"; Value = "TO-92"; VariantName = "[No Variations]"
Add component (AddParameter): Name = "Collector Base Voltage (VCBO)"; Value = "-50V"; VariantName = "[No Variations]"
Add component (AddParameter): Name = "Collector Emitter Breakdown Voltage"; Value = "45V"; VariantName = "[No Variations]"
Add component (AddParameter): Name = "Collector Emitter Saturation Voltage"; Value = "-250mV"; VariantName = "[No Variations]"
Add component (AddParameter): Name = "Collector Emitter Voltage (VCEO)"; Value = "45V"; VariantName = "[No Variations]"
Add component (AddParameter): Name = "Contact Plating"; Value = "Tin"; VariantName = "[No Variations]"
Add component (AddParameter): Name = "Current Rating"; Value = "-100mA"; VariantName = "[No Variations]"
Add component (AddParameter): Name = "Element Configuration"; Value = "Single"; VariantName = "[No Variations]"
Add component (AddParameter): Name = "Emitter Base Voltage (VEBO)"; Value = "-5V"; VariantName = "[No Variations]"
Add component (AddParameter): Name = "Frequency"; Value = "150MHz"; VariantName = "[No Variations]"
Add component (AddParameter): Name = "Gain Bandwidth Product"; Value = "150MHz"; VariantName = "[No Variations]"
Add component (AddParameter): Name = "Height"; Value = "5.33mm"; VariantName = "[No Variations]"
Add component (AddParameter): Name = "hFE Min"; Value = "110"; VariantName = "[No Variations]"
Add component (AddParameter): Name = "Lead Free"; Value = "Lead Free"; VariantName = "[No Variations]"
Add component (AddParameter): Name = "Length"; Value = "5.2mm"; VariantName = "[No Variations]"
Add component (AddParameter): Name = "Lifecycle Status"; Value = "Production"; VariantName = "[No Variations]"
Add component (AddParameter): Name = "Manufacturer Lifecycle Status"; Value = "ACTIVE"; VariantName = "[No Variations]"
Add component (AddParameter): Name = "Max Breakdown Voltage"; Value = "45V"; VariantName = "[No Variations]"
Add component (AddParameter): Name = "Max Collector Current"; Value = "100mA"; VariantName = "[No Variations]"
Add component (AddParameter): Name = "Max Frequency"; Value = "10MHz"; VariantName = "[No Variations]"
Add component (AddParameter): Name = "Max Operating Temperature"; Value = "150°C"; VariantName = "[No Variations]"
Add component (AddParameter): Name = "Max Power Dissipation"; Value = "500mW"; VariantName = "[No Variations]"
Add component (AddParameter): Name = "Min Operating Temperature"; Value = "-65°C"; VariantName = "[No Variations]"
Add component (AddParameter): Name = "Mount"; Value = "Through Hole"; VariantName = "[No Variations]"
Add component (AddParameter): Name = "NexarPartId"; Value = "84408945"; VariantName = "[No Variations]"
Add component (AddParameter): Name = "Number of Elements"; Value = "1"; VariantName = "[No Variations]"
Add component (AddParameter): Name = "Number of Pins"; Value = "3"; VariantName = "[No Variations]"
Add component (AddParameter): Name = "Polarity"; Value = "PNP"; VariantName = "[No Variations]"
Add component (AddParameter): Name = "Power Dissipation"; Value = "500mW"; VariantName = "[No Variations]"
Add component (AddParameter): Name = "REACH SVHC"; Value = "No SVHC"; VariantName = "[No Variations]"
Add component (AddParameter): Name = "RoHS"; Value = "Compliant"; VariantName = "[No Variations]"
Add component (AddParameter): Name = "Schedule B"; Value = "8541210080, 8541210080"; VariantName = "[No Variations]"
Add component (AddParameter): Name = "Transition Frequency"; Value = "150MHz"; VariantName = "[No Variations]"
Add component (AddParameter): Name = "Voltage Rating (DC)"; Value = "-45V"; VariantName = "[No Variations]"
Add component (AddParameter): Name = "Weight"; Value = "240mg"; VariantName = "[No Variations]"
Add component (AddParameter): Name = "Width"; Value = "4.19mm"; VariantName = "[No Variations]"
Added Component: Designator=Q6(ONSC-TO-92-3-29-11)
Add component (AddParameter): Name = "ComponentLink1Description"; Value = "Manufacturer URL"; VariantName = "[No Variations]"
Add component (AddParameter): Name = "ComponentLink1URL"; Value = "http://www.onsemi.com/"; VariantName = "[No Variations]"
Add component (AddParameter): Name = "ComponentLink2Description"; Value = "Datasheet"; VariantName = "[No Variations]"
Add component (AddParameter): Name = "ComponentLink2URL"; Value = "http://www.onsemi.com/pub_link/Collateral/BC546-D.PDF"; VariantName = "[No Variations]"
Add component (AddParameter): Name = "ComponentLink3Description"; Value = "Package Specification"; VariantName = "[No Variations]"
Add component (AddParameter): Name = "ComponentLink3URL"; Value = "http://www.onsemi.cn/pub_link/Collateral/2N6426-D.PDF"; VariantName = "[No Variations]"
Add component (AddParameter): Name = "DatasheetVersion"; Value = "Rev. 7"; VariantName = "[No Variations]"
Add component (AddParameter): Name = "fT Min (MHz)"; Value = "150"; VariantName = "[No Variations]"
Add component (AddParameter): Name = "IC Continuous (A)"; Value = "0.1"; VariantName = "[No Variations]"
Add component (AddParameter): Name = "Manufacturer"; Value = "On Semiconductor"; VariantName = "[No Variations]"
Add component (AddParameter): Name = "Mounting Technology"; Value = "Through Hole"; VariantName = "[No Variations]"
Add component (AddParameter): Name = "PackageDescription"; Value = "3-Pin Transistor Outline, Body 4.825 x 3.685 mm, Pitch 1.27 mm"; VariantName = "[No Variations]"
Add component (AddParameter): Name = "PackageReference"; Value = "TO-92-3-29-11_AM_SL"; VariantName = "[No Variations]"
Add component (AddParameter): Name = "PackageVersion"; Value = "Rev. AM"; VariantName = "[No Variations]"
Add component (AddParameter): Name = "Packing"; Value = "Bulk Box"; VariantName = "[No Variations]"
Add component (AddParameter): Name = "PartNumber"; Value = "BC547B"; VariantName = "[No Variations]"
Add component (AddParameter): Name = "Polarity"; Value = "NPN"; VariantName = "[No Variations]"
Add component (AddParameter): Name = "RoHS"; Value = "FALSE"; VariantName = "[No Variations]"
Added Component: Designator=Q7(ONSC-TO-92-3-29-11)
Add component (AddParameter): Name = "ComponentLink1Description"; Value = "Manufacturer URL"; VariantName = "[No Variations]"
Add component (AddParameter): Name = "ComponentLink1URL"; Value = "http://www.onsemi.com/"; VariantName = "[No Variations]"
Add component (AddParameter): Name = "ComponentLink2Description"; Value = "Datasheet"; VariantName = "[No Variations]"
Add component (AddParameter): Name = "ComponentLink2URL"; Value = "http://www.onsemi.com/pub_link/Collateral/BC546-D.PDF"; VariantName = "[No Variations]"
Add component (AddParameter): Name = "ComponentLink3Description"; Value = "Package Specification"; VariantName = "[No Variations]"
Add component (AddParameter): Name = "ComponentLink3URL"; Value = "http://www.onsemi.cn/pub_link/Collateral/2N6426-D.PDF"; VariantName = "[No Variations]"
Add component (AddParameter): Name = "DatasheetVersion"; Value = "Rev. 7"; VariantName = "[No Variations]"
Add component (AddParameter): Name = "fT Min (MHz)"; Value = "150"; VariantName = "[No Variations]"
Add component (AddParameter): Name = "IC Continuous (A)"; Value = "0.1"; VariantName = "[No Variations]"
Add component (AddParameter): Name = "Manufacturer"; Value = "On Semiconductor"; VariantName = "[No Variations]"
Add component (AddParameter): Name = "Mounting Technology"; Value = "Through Hole"; VariantName = "[No Variations]"
Add component (AddParameter): Name = "PackageDescription"; Value = "3-Pin Transistor Outline, Body 4.825 x 3.685 mm, Pitch 1.27 mm"; VariantName = "[No Variations]"
Add component (AddParameter): Name = "PackageReference"; Value = "TO-92-3-29-11_AM_SL"; VariantName = "[No Variations]"
Add component (AddParameter): Name = "PackageVersion"; Value = "Rev. AM"; VariantName = "[No Variations]"
Add component (AddParameter): Name = "Packing"; Value = "Bulk Box"; VariantName = "[No Variations]"
Add component (AddParameter): Name = "PartNumber"; Value = "BC547B"; VariantName = "[No Variations]"
Add component (AddParameter): Name = "Polarity"; Value = "NPN"; VariantName = "[No Variations]"
Add component (AddParameter): Name = "RoHS"; Value = "FALSE"; VariantName = "[No Variations]"
Added Component: Designator=Q8(ONSC-TO-92-3-29-11)
Add component (AddParameter): Name = "ComponentLink1Description"; Value = "Manufacturer URL"; VariantName = "[No Variations]"
Add component (AddParameter): Name = "ComponentLink1URL"; Value = "http://www.onsemi.com/"; VariantName = "[No Variations]"
Add component (AddParameter): Name = "ComponentLink2Description"; Value = "Datasheet"; VariantName = "[No Variations]"
Add component (AddParameter): Name = "ComponentLink2URL"; Value = "http://www.onsemi.com/pub_link/Collateral/BC546-D.PDF"; VariantName = "[No Variations]"
Add component (AddParameter): Name = "ComponentLink3Description"; Value = "Package Specification"; VariantName = "[No Variations]"
Add component (AddParameter): Name = "ComponentLink3URL"; Value = "http://www.onsemi.cn/pub_link/Collateral/2N6426-D.PDF"; VariantName = "[No Variations]"
Add component (AddParameter): Name = "DatasheetVersion"; Value = "Rev. 7"; VariantName = "[No Variations]"
Add component (AddParameter): Name = "fT Min (MHz)"; Value = "150"; VariantName = "[No Variations]"
Add component (AddParameter): Name = "IC Continuous (A)"; Value = "0.1"; VariantName = "[No Variations]"
Add component (AddParameter): Name = "Manufacturer"; Value = "On Semiconductor"; VariantName = "[No Variations]"
Add component (AddParameter): Name = "Mounting Technology"; Value = "Through Hole"; VariantName = "[No Variations]"
Add component (AddParameter): Name = "PackageDescription"; Value = "3-Pin Transistor Outline, Body 4.825 x 3.685 mm, Pitch 1.27 mm"; VariantName = "[No Variations]"
Add component (AddParameter): Name = "PackageReference"; Value = "TO-92-3-29-11_AM_SL"; VariantName = "[No Variations]"
Add component (AddParameter): Name = "PackageVersion"; Value = "Rev. AM"; VariantName = "[No Variations]"
Add component (AddParameter): Name = "Packing"; Value = "Bulk Box"; VariantName = "[No Variations]"
Add component (AddParameter): Name = "PartNumber"; Value = "BC547B"; VariantName = "[No Variations]"
Add component (AddParameter): Name = "Polarity"; Value = "NPN"; VariantName = "[No Variations]"
Add component (AddParameter): Name = "RoHS"; Value = "FALSE"; VariantName = "[No Variations]"
Added Component: Designator=Q9(ONSC-TO-92-3-29-11)
Add component (AddParameter): Name = "ComponentLink1Description"; Value = "Manufacturer URL"; VariantName = "[No Variations]"
Add component (AddParameter): Name = "ComponentLink1URL"; Value = "http://www.onsemi.com/"; VariantName = "[No Variations]"
Add component (AddParameter): Name = "ComponentLink2Description"; Value = "Datasheet"; VariantName = "[No Variations]"
Add component (AddParameter): Name = "ComponentLink2URL"; Value = "http://www.onsemi.com/pub_link/Collateral/BC546-D.PDF"; VariantName = "[No Variations]"
Add component (AddParameter): Name = "ComponentLink3Description"; Value = "Package Specification"; VariantName = "[No Variations]"
Add component (AddParameter): Name = "ComponentLink3URL"; Value = "http://www.onsemi.cn/pub_link/Collateral/2N6426-D.PDF"; VariantName = "[No Variations]"
Add component (AddParameter): Name = "DatasheetVersion"; Value = "Rev. 7"; VariantName = "[No Variations]"
Add component (AddParameter): Name = "fT Min (MHz)"; Value = "150"; VariantName = "[No Variations]"
Add component (AddParameter): Name = "IC Continuous (A)"; Value = "0.1"; VariantName = "[No Variations]"
Add component (AddParameter): Name = "Manufacturer"; Value = "On Semiconductor"; VariantName = "[No Variations]"
Add component (AddParameter): Name = "Mounting Technology"; Value = "Through Hole"; VariantName = "[No Variations]"
Add component (AddParameter): Name = "PackageDescription"; Value = "3-Pin Transistor Outline, Body 4.825 x 3.685 mm, Pitch 1.27 mm"; VariantName = "[No Variations]"
Add component (AddParameter): Name = "PackageReference"; Value = "TO-92-3-29-11_AM_SL"; VariantName = "[No Variations]"
Add component (AddParameter): Name = "PackageVersion"; Value = "Rev. AM"; VariantName = "[No Variations]"
Add component (AddParameter): Name = "Packing"; Value = "Bulk Box"; VariantName = "[No Variations]"
Add component (AddParameter): Name = "PartNumber"; Value = "BC547B"; VariantName = "[No Variations]"
Add component (AddParameter): Name = "Polarity"; Value = "NPN"; VariantName = "[No Variations]"
Add component (AddParameter): Name = "RoHS"; Value = "FALSE"; VariantName = "[No Variations]"
Added Component: Designator=Q10(ONSC-TO-225-3-77-09)
Add component (AddParameter): Name = "ComponentLink1Description"; Value = "Manufacturer URL"; VariantName = "[No Variations]"
Add component (AddParameter): Name = "ComponentLink1URL"; Value = "http://www.onsemi.com/"; VariantName = "[No Variations]"
Add component (AddParameter): Name = "ComponentLink2Description"; Value = "Datasheet"; VariantName = "[No Variations]"
Add component (AddParameter): Name = "ComponentLink2URL"; Value = "http://www.onsemi.com/pub_link/Collateral/MJE340-D.PDF"; VariantName = "[No Variations]"
Add component (AddParameter): Name = "ComponentLink3Description"; Value = "Package Specification"; VariantName = "[No Variations]"
Add component (AddParameter): Name = "ComponentLink3URL"; Value = "http://www.onsemi.com/pub_link/Collateral/77-09.PDF"; VariantName = "[No Variations]"
Add component (AddParameter): Name = "DatasheetVersion"; Value = "Rev. 12"; VariantName = "[No Variations]"
Add component (AddParameter): Name = "IC Continuous (A)"; Value = "0.5"; VariantName = "[No Variations]"
Add component (AddParameter): Name = "Manufacturer"; Value = "On Semiconductor"; VariantName = "[No Variations]"
Add component (AddParameter): Name = "Mounting Technology"; Value = "Through Hole"; VariantName = "[No Variations]"
Add component (AddParameter): Name = "Note1"; Value = "0"; VariantName = "[No Variations]"
Add component (AddParameter): Name = "PackageDescription"; Value = "3-Pin Flange Mount, Vertical Straight Lead, Body 7.6 x 2.7 mm, Pitch 2.29 mm"; VariantName = "[No Variations]"
Add component (AddParameter): Name = "PackageReference"; Value = "TO-225-3-77-09"; VariantName = "[No Variations]"
Add component (AddParameter): Name = "PackageVersion"; Value = "Rev. AC, 12/2013"; VariantName = "[No Variations]"
Add component (AddParameter): Name = "Packing"; Value = "Bulk Box"; VariantName = "[No Variations]"
Add component (AddParameter): Name = "PartNumber"; Value = "MJE340"; VariantName = "[No Variations]"
Add component (AddParameter): Name = "Polarity"; Value = "NPN"; VariantName = "[No Variations]"
Add component (AddParameter): Name = "RoHS"; Value = "FALSE"; VariantName = "[No Variations]"
Added Component: Designator=Q11(ONSC-TO-220-3-221A-09)
Add component (AddParameter): Name = "ComponentLink1Description"; Value = "Manufacturer URL"; VariantName = "[No Variations]"
Add component (AddParameter): Name = "ComponentLink1URL"; Value = "http://www.onsemi.com/"; VariantName = "[No Variations]"
Add component (AddParameter): Name = "ComponentLink2Description"; Value = "Datasheet"; VariantName = "[No Variations]"
Add component (AddParameter): Name = "ComponentLink2URL"; Value = "http://www.onsemi.com/pub_link/Collateral/TIP41A-D.PDF"; VariantName = "[No Variations]"
Add component (AddParameter): Name = "ComponentLink3Description"; Value = "Package Specification"; VariantName = "[No Variations]"
Add component (AddParameter): Name = "ComponentLink3URL"; Value = "http://www.onsemi.com/pub_link/Collateral/221A-09.PDF"; VariantName = "[No Variations]"
Add component (AddParameter): Name = "DatasheetVersion"; Value = "Rev. 10"; VariantName = "[No Variations]"
Add component (AddParameter): Name = "fT Min (MHz)"; Value = "3"; VariantName = "[No Variations]"
Add component (AddParameter): Name = "IC Continuous (A)"; Value = "6"; VariantName = "[No Variations]"
Add component (AddParameter): Name = "Manufacturer"; Value = "On Semiconductor"; VariantName = "[No Variations]"
Add component (AddParameter): Name = "Mounting Technology"; Value = "Through Hole"; VariantName = "[No Variations]"
Add component (AddParameter): Name = "PackageDescription"; Value = "3-Pin Flange Mount, Vertical Straight Lead, Body 9.97 x 4.445 mm, Pitch 2.54 mm"; VariantName = "[No Variations]"
Add component (AddParameter): Name = "PackageReference"; Value = "TO-220-3-221A-09"; VariantName = "[No Variations]"
Add component (AddParameter): Name = "PackageVersion"; Value = "Rev. AG, 09/2011"; VariantName = "[No Variations]"
Add component (AddParameter): Name = "Packing"; Value = "Tube"; VariantName = "[No Variations]"
Add component (AddParameter): Name = "PartNumber"; Value = "TIP41C"; VariantName = "[No Variations]"
Add component (AddParameter): Name = "Polarity"; Value = "NPN"; VariantName = "[No Variations]"
Add component (AddParameter): Name = "RoHS"; Value = "FALSE"; VariantName = "[No Variations]"
Added Component: Designator=Q12(ONSC-TO-220-3-221A-09)
Add component (AddParameter): Name = "ComponentLink1Description"; Value = "Manufacturer URL"; VariantName = "[No Variations]"
Add component (AddParameter): Name = "ComponentLink1URL"; Value = "http://www.onsemi.com/"; VariantName = "[No Variations]"
Add component (AddParameter): Name = "ComponentLink2Description"; Value = "Datasheet"; VariantName = "[No Variations]"
Add component (AddParameter): Name = "ComponentLink2URL"; Value = "http://www.onsemi.com/pub_link/Collateral/TIP41A-D.PDF"; VariantName = "[No Variations]"
Add component (AddParameter): Name = "ComponentLink3Description"; Value = "Package Specification"; VariantName = "[No Variations]"
Add component (AddParameter): Name = "ComponentLink3URL"; Value = "http://www.onsemi.com/pub_link/Collateral/221A-09.PDF"; VariantName = "[No Variations]"
Add component (AddParameter): Name = "DatasheetVersion"; Value = "Rev. 10"; VariantName = "[No Variations]"
Add component (AddParameter): Name = "fT Min (MHz)"; Value = "3"; VariantName = "[No Variations]"
Add component (AddParameter): Name = "IC Continuous (A)"; Value = "6"; VariantName = "[No Variations]"
Add component (AddParameter): Name = "Manufacturer"; Value = "On Semiconductor"; VariantName = "[No Variations]"
Add component (AddParameter): Name = "Mounting Technology"; Value = "Through Hole"; VariantName = "[No Variations]"
Add component (AddParameter): Name = "PackageDescription"; Value = "3-Pin Flange Mount, Vertical Straight Lead, Body 9.97 x 4.445 mm, Pitch 2.54 mm"; VariantName = "[No Variations]"
Add component (AddParameter): Name = "PackageReference"; Value = "TO-220-3-221A-09"; VariantName = "[No Variations]"
Add component (AddParameter): Name = "PackageVersion"; Value = "Rev. AG, 09/2011"; VariantName = "[No Variations]"
Add component (AddParameter): Name = "Packing"; Value = "Tube"; VariantName = "[No Variations]"
Add component (AddParameter): Name = "PartNumber"; Value = "TIP42C"; VariantName = "[No Variations]"
Add component (AddParameter): Name = "Polarity"; Value = "PNP"; VariantName = "[No Variations]"
Add component (AddParameter): Name = "RoHS"; Value = "FALSE"; VariantName = "[No Variations]"
Added Component: Designator=Q13(ONSC-TO-225-3-77-09)
Add component (AddParameter): Name = "ComponentLink1Description"; Value = "Manufacturer URL"; VariantName = "[No Variations]"
Add component (AddParameter): Name = "ComponentLink1URL"; Value = "http://www.onsemi.com/"; VariantName = "[No Variations]"
Add component (AddParameter): Name = "ComponentLink2Description"; Value = "Datasheet"; VariantName = "[No Variations]"
Add component (AddParameter): Name = "ComponentLink2URL"; Value = "http://www.onsemi.com/pub_link/Collateral/MJE350-D.PDF"; VariantName = "[No Variations]"
Add component (AddParameter): Name = "ComponentLink3Description"; Value = "Package Specification"; VariantName = "[No Variations]"
Add component (AddParameter): Name = "ComponentLink3URL"; Value = "http://www.onsemi.com/pub_link/Collateral/77-09.PDF"; VariantName = "[No Variations]"
Add component (AddParameter): Name = "DatasheetVersion"; Value = "Rev. 16"; VariantName = "[No Variations]"
Add component (AddParameter): Name = "IC Continuous (A)"; Value = "0.5"; VariantName = "[No Variations]"
Add component (AddParameter): Name = "Manufacturer"; Value = "On Semiconductor"; VariantName = "[No Variations]"
Add component (AddParameter): Name = "Mounting Technology"; Value = "Through Hole"; VariantName = "[No Variations]"
Add component (AddParameter): Name = "Note1"; Value = "0"; VariantName = "[No Variations]"
Add component (AddParameter): Name = "PackageDescription"; Value = "3-Pin Flange Mount, Vertical Straight Lead, Body 7.6 x 2.7 mm, Pitch 2.29 mm"; VariantName = "[No Variations]"
Add component (AddParameter): Name = "PackageReference"; Value = "TO-225-3-77-09"; VariantName = "[No Variations]"
Add component (AddParameter): Name = "PackageVersion"; Value = "Rev. AC, 12/2013"; VariantName = "[No Variations]"
Add component (AddParameter): Name = "Packing"; Value = "Bulk Box"; VariantName = "[No Variations]"
Add component (AddParameter): Name = "PartNumber"; Value = "MJE350"; VariantName = "[No Variations]"
Add component (AddParameter): Name = "Polarity"; Value = "PNP"; VariantName = "[No Variations]"
Add component (AddParameter): Name = "RoHS"; Value = "FALSE"; VariantName = "[No Variations]"
Added Component: Designator=R1(RES THT 9mm)
Add component (AddParameter): Name = "Value"; Value = "100"; VariantName = "[No Variations]"
Added Component: Designator=R2(RES THT 9mm)
Add component (AddParameter): Name = "Value"; Value = "150"; VariantName = "[No Variations]"
Added Component: Designator=R3(RES THT 9mm)
Add component (AddParameter): Name = "Value"; Value = "2k2"; VariantName = "[No Variations]"
Added Component: Designator=R4(RES THT 9mm)
Add component (AddParameter): Name = "Value"; Value = "16"; VariantName = "[No Variations]"
Added Component: Designator=R5(RES THT 9mm)
Add component (AddParameter): Name = "Value"; Value = "10k"; VariantName = "[No Variations]"
Added Component: Designator=R6(RES THT 9mm)
Add component (AddParameter): Name = "Value"; Value = "100"; VariantName = "[No Variations]"
Added Component: Designator=R7(RES THT 9mm)
Add component (AddParameter): Name = "Value"; Value = "1k"; VariantName = "[No Variations]"
Added Component: Designator=R8(RES THT 9mm)
Add component (AddParameter): Name = "Value"; Value = "10k"; VariantName = "[No Variations]"
Added Component: Designator=R9(RES THT 9mm)
Add component (AddParameter): Name = "Value"; Value = "100"; VariantName = "[No Variations]"
Added Component: Designator=R10(RES THT 9mm)
Add component (AddParameter): Name = "Value"; Value = "100"; VariantName = "[No Variations]"
Added Component: Designator=R11(RES THT 9mm)
Add component (AddParameter): Name = "Value"; Value = "280"; VariantName = "[No Variations]"
Added Component: Designator=R12(RES THT 9mm)
Add component (AddParameter): Name = "Value"; Value = "10K"; VariantName = "[No Variations]"
Added Component: Designator=R13(RES THT 9mm)
Add component (AddParameter): Name = "Value"; Value = "100"; VariantName = "[No Variations]"
Added Component: Designator=R14(RES THT 9mm)
Add component (AddParameter): Name = "Value"; Value = "500"; VariantName = "[No Variations]"
Added Component: Designator=R15(RES THT 9mm)
Add component (AddParameter): Name = "Value"; Value = "68"; VariantName = "[No Variations]"
Added Component: Designator=R16(RES THT 9mm)
Add component (AddParameter): Name = "Value"; Value = "68"; VariantName = "[No Variations]"
Added Component: Designator=R17(RES THT 9mm)
Add component (AddParameter): Name = "Value"; Value = "68"; VariantName = "[No Variations]"
Added Component: Designator=R18(RES THT 30mm)
Add component (AddParameter): Name = "Value"; Value = "0.4"; VariantName = "[No Variations]"
Added Component: Designator=R19(RES THT 9mm)
Add component (AddParameter): Name = "Value"; Value = "220"; VariantName = "[No Variations]"
Added Component: Designator=R20(RES THT 30mm)
Add component (AddParameter): Name = "Value"; Value = "0.4"; VariantName = "[No Variations]"
Added Component: Designator=R21(Power RES 5 watt)
Add component (AddParameter): Name = "Value"; Value = "10"; VariantName = "[No Variations]"
Added Component: Designator=R22(RES THT 9mm)
Add component (AddParameter): Name = "Value"; Value = "10K"; VariantName = "[No Variations]"
Added Component: Designator=R23(RES THT 9mm)
Add component (AddParameter): Name = "Value"; Value = "10"; VariantName = "[No Variations]"
Added Pin To Net: NetName=+37V Pin=C1-2
Added Pin To Net: NetName=+37V Pin=C8-2
Added Pin To Net: NetName=+37V Pin=C9-1
Added Pin To Net: NetName=+37V Pin=D1-1
Added Pin To Net: NetName=+37V Pin=Q10-2
Added Pin To Net: NetName=+37V Pin=Q11-2
Added Pin To Net: NetName=+37V Pin=R1-2
Added Pin To Net: NetName=+37V Pin=R2-2
Added Net: Name=+37V
Added Pin To Net: NetName=-37V Pin=C10-2
Added Pin To Net: NetName=-37V Pin=C11-1
Added Pin To Net: NetName=-37V Pin=Q9-3
Added Pin To Net: NetName=-37V Pin=Q12-2
Added Pin To Net: NetName=-37V Pin=Q13-2
Added Pin To Net: NetName=-37V Pin=R15-1
Added Pin To Net: NetName=-37V Pin=R16-1
Added Pin To Net: NetName=-37V Pin=R17-1
Added Net: Name=-37V
Added Pin To Net: NetName=GND Pin=C4-2
Added Pin To Net: NetName=GND Pin=C7-1
Added Pin To Net: NetName=GND Pin=C8-1
Added Pin To Net: NetName=GND Pin=C9-2
Added Pin To Net: NetName=GND Pin=C10-1
Added Pin To Net: NetName=GND Pin=C11-2
Added Pin To Net: NetName=GND Pin=D3-1
Added Pin To Net: NetName=GND Pin=Q6-1
Added Pin To Net: NetName=GND Pin=R8-2
Added Pin To Net: NetName=GND Pin=R22-2
Added Net: Name=GND
Added Pin To Net: NetName=Input Pin=C6-2
Added Net: Name=Input
Added Pin To Net: NetName=InVAS Pin=C3-1
Added Pin To Net: NetName=InVAS Pin=Q4-1
Added Pin To Net: NetName=InVAS Pin=Q6-2
Added Pin To Net: NetName=InVAS Pin=Q7-1
Added Net: Name=InVAS
Added Pin To Net: NetName=NetC1_1 Pin=C1-1
Added Pin To Net: NetName=NetC1_1 Pin=R5-2
Added Pin To Net: NetName=NetC1_1 Pin=R8-1
Added Net: Name=NetC1_1
Added Pin To Net: NetName=NetC2_1 Pin=C2-1
Added Pin To Net: NetName=NetC2_1 Pin=C3-2
Added Pin To Net: NetName=NetC2_1 Pin=Q3-3
Added Pin To Net: NetName=NetC2_1 Pin=Q9-1
Added Pin To Net: NetName=NetC2_1 Pin=R11-1
Added Pin To Net: NetName=NetC2_1 Pin=R13-2
Added Net: Name=NetC2_1
Added Pin To Net: NetName=NetC2_2 Pin=C2-2
Added Pin To Net: NetName=NetC2_2 Pin=Q1-1
Added Pin To Net: NetName=NetC2_2 Pin=R4-2
Added Pin To Net: NetName=NetC2_2 Pin=R7-2
Added Net: Name=NetC2_2
Added Pin To Net: NetName=NetC4_1 Pin=C4-1
Added Pin To Net: NetName=NetC4_1 Pin=D3-2
Added Pin To Net: NetName=NetC4_1 Pin=R14-1
Added Net: Name=NetC4_1
Added Pin To Net: NetName=NetC5_1 Pin=C5-1
Added Pin To Net: NetName=NetC5_1 Pin=Q12-1
Added Pin To Net: NetName=NetC5_1 Pin=Q13-1
Added Pin To Net: NetName=NetC5_1 Pin=R19-1
Added Net: Name=NetC5_1
Added Pin To Net: NetName=NetC5_2 Pin=C5-2
Added Pin To Net: NetName=NetC5_2 Pin=Q10-1
Added Pin To Net: NetName=NetC5_2 Pin=Q11-1
Added Pin To Net: NetName=NetC5_2 Pin=R19-2
Added Net: Name=NetC5_2
Added Pin To Net: NetName=NetC6_1 Pin=C6-1
Added Pin To Net: NetName=NetC6_1 Pin=Q4-2
Added Pin To Net: NetName=NetC6_1 Pin=R22-1
Added Net: Name=NetC6_1
Added Pin To Net: NetName=NetC7_2 Pin=C7-2
Added Pin To Net: NetName=NetC7_2 Pin=R21-1
Added Net: Name=NetC7_2
Added Pin To Net: NetName=NetD1_2 Pin=D1-2
Added Pin To Net: NetName=NetD1_2 Pin=D2-1
Added Net: Name=NetD1_2
Added Pin To Net: NetName=NetD2_2 Pin=D2-2
Added Pin To Net: NetName=NetD2_2 Pin=Q1-2
Added Pin To Net: NetName=NetD2_2 Pin=R3-1
Added Pin To Net: NetName=NetD2_2 Pin=R5-1
Added Net: Name=NetD2_2
Added Pin To Net: NetName=NetQ1_3 Pin=Q1-3
Added Pin To Net: NetName=NetQ1_3 Pin=R1-1
Added Net: Name=NetQ1_3
Added Pin To Net: NetName=NetQ2_1 Pin=Q2-1
Added Pin To Net: NetName=NetQ2_1 Pin=R9-2
Added Pin To Net: NetName=NetQ2_1 Pin=R10-2
Added Net: Name=NetQ2_1
Added Pin To Net: NetName=NetQ2_2 Pin=Q2-2
Added Pin To Net: NetName=NetQ2_2 Pin=R3-2
Added Net: Name=NetQ2_2
Added Pin To Net: NetName=NetQ2_3 Pin=Q2-3
Added Pin To Net: NetName=NetQ2_3 Pin=R2-1
Added Net: Name=NetQ2_3
Added Pin To Net: NetName=NetQ3_1 Pin=Q3-1
Added Pin To Net: NetName=NetQ3_1 Pin=R4-1
Added Pin To Net: NetName=NetQ3_1 Pin=R6-2
Added Net: Name=NetQ3_1
Added Pin To Net: NetName=NetQ3_2 Pin=Q3-2
Added Pin To Net: NetName=NetQ3_2 Pin=R7-1
Added Pin To Net: NetName=NetQ3_2 Pin=R11-2
Added Net: Name=NetQ3_2
Added Pin To Net: NetName=NetQ4_3 Pin=Q4-3
Added Pin To Net: NetName=NetQ4_3 Pin=R9-1
Added Net: Name=NetQ4_3
Added Pin To Net: NetName=NetQ5_1 Pin=Q5-1
Added Pin To Net: NetName=NetQ5_1 Pin=Q7-2
Added Pin To Net: NetName=NetQ5_1 Pin=Q8-1
Added Pin To Net: NetName=NetQ5_1 Pin=Q8-2
Added Net: Name=NetQ5_1
Added Pin To Net: NetName=NetQ5_2 Pin=Q5-2
Added Pin To Net: NetName=NetQ5_2 Pin=R12-2
Added Pin To Net: NetName=NetQ5_2 Pin=R14-2
Added Net: Name=NetQ5_2
Added Pin To Net: NetName=NetQ5_3 Pin=Q5-3
Added Pin To Net: NetName=NetQ5_3 Pin=R10-1
Added Net: Name=NetQ5_3
Added Pin To Net: NetName=NetQ6_3 Pin=Q6-3
Added Pin To Net: NetName=NetQ6_3 Pin=Q9-2
Added Pin To Net: NetName=NetQ6_3 Pin=R17-2
Added Net: Name=NetQ6_3
Added Pin To Net: NetName=NetQ7_3 Pin=Q7-3
Added Pin To Net: NetName=NetQ7_3 Pin=R15-2
Added Net: Name=NetQ7_3
Added Pin To Net: NetName=NetQ8_3 Pin=Q8-3
Added Pin To Net: NetName=NetQ8_3 Pin=R16-2
Added Net: Name=NetQ8_3
Added Pin To Net: NetName=NetQ10_3 Pin=Q10-3
Added Pin To Net: NetName=NetQ10_3 Pin=R6-1
Added Net: Name=NetQ10_3
Added Pin To Net: NetName=NetQ11_3 Pin=Q11-3
Added Pin To Net: NetName=NetQ11_3 Pin=R18-2
Added Net: Name=NetQ11_3
Added Pin To Net: NetName=NetQ12_3 Pin=Q12-3
Added Pin To Net: NetName=NetQ12_3 Pin=R20-1
Added Net: Name=NetQ12_3
Added Pin To Net: NetName=NetQ13_3 Pin=Q13-3
Added Pin To Net: NetName=NetQ13_3 Pin=R13-1
Added Net: Name=NetQ13_3
Added Pin To Net: NetName=NFB Pin=1-5uH-1
Added Pin To Net: NetName=NFB Pin=R12-1
Added Pin To Net: NetName=NFB Pin=R18-1
Added Pin To Net: NetName=NFB Pin=R20-2
Added Pin To Net: NetName=NFB Pin=R21-2
Added Pin To Net: NetName=NFB Pin=R23-2
Added Net: Name=NFB
Added Pin To Net: NetName=Output Pin=1-5uH-2
Added Pin To Net: NetName=Output Pin=R23-1
Added Net: Name=Output
Added Class: Name=power_amp
